<?xml version="1.0" encoding="UTF-8"?>
<!-- Generated by org.testng.reporters.JUnitReportReporter -->
<testsuite hostname="DESKTOP-17DK6A8" failures="0" tests="1" name="BaseJava.BaseProgram" time="0.014" errors="0" timestamp="2024-02-05T17:07:37 IST" skipped="0">
  <testcase classname="BaseJava.BaseProgram" name="BaseProgram" time="0.014"/>
</testsuite> <!-- BaseJava.BaseProgram -->
