<?xml version="1.0" encoding="UTF-8"?>
<!-- Generated by org.testng.reporters.JUnitReportReporter -->
<testsuite hostname="DESKTOP-17DK6A8" failures="0" tests="3" name="TestCase1.AnnTestCase" time="0.032" errors="0" timestamp="2024-01-24T16:57:06 IST" skipped="0">
  <testcase classname="TestCase1.AnnTestCase" name="TestCase4" time="0.005"/>
  <testcase classname="TestCase1.AnnTestCase" name="TestCase1" time="0.024"/>
  <testcase classname="TestCase1.AnnTestCase" name="TestCase3" time="0.003"/>
</testsuite> <!-- TestCase1.AnnTestCase -->
