<?xml version="1.0" encoding="UTF-8"?>
<!-- Generated by org.testng.reporters.JUnitReportReporter -->
<testsuite hostname="DESKTOP-17DK6A8" failures="0" tests="3" name="TestCase1.HelloTestCase" time="0.005" errors="0" timestamp="2024-01-24T15:49:45 IST" skipped="0">
  <testcase classname="TestCase1.HelloTestCase" name="TestCase3" time="0.002"/>
  <testcase classname="TestCase1.HelloTestCase" name="TestCase2" time="0.001"/>
  <testcase classname="TestCase1.HelloTestCase" name="TestCase1" time="0.002"/>
</testsuite> <!-- TestCase1.HelloTestCase -->
