<?xml version="1.0" encoding="UTF-8"?>
<!-- Generated by org.testng.reporters.JUnitReportReporter -->
<testsuite hostname="DESKTOP-17DK6A8" failures="0" tests="1" name="TestCase1.StudentParticulers" time="7.191" errors="0" timestamp="2024-01-30T14:31:18 IST" skipped="0">
  <testcase classname="TestCase1.StudentParticulers" name="fillTheStudentAllTestCaseFelds" time="7.191"/>
</testsuite> <!-- TestCase1.StudentParticulers -->
