<?xml version="1.0" encoding="UTF-8"?>
<!-- Generated by org.testng.reporters.JUnitReportReporter -->
<testsuite hostname="DESKTOP-17DK6A8" failures="0" tests="2" name="TestCase1.LoginTestCase" time="11.496" errors="0" timestamp="2024-02-05T17:24:41 IST" skipped="0">
  <testcase classname="TestCase1.LoginTestCase" name="loginWithInvalidUsernameAndValidPassword" time="5.355"/>
  <testcase classname="TestCase1.LoginTestCase" name="loginWithValidUsernameAndVaildPassword" time="6.141"/>
</testsuite> <!-- TestCase1.LoginTestCase -->
